loadShaders.obj : error LNK2001: unresolved external symbol __imp____glewAttachShader
loadShaders.obj : error LNK2001: unresolved external symbol __imp____glewCompileShader
loadShaders.obj : error LNK2001: unresolved external symbol __imp____glewCreateProgram
loadShaders.obj : error LNK2001: unresolved external symbol __imp____glewCreateShader
loadShaders.obj : error LNK2001: unresolved external symbol __imp____glewDeleteShader
loadShaders.obj : error LNK2001: unresolved external symbol __imp____glewDetachShader
loadShaders.obj : error LNK2001: unresolved external symbol __imp____glewLinkProgram
loadShaders.obj : error LNK2001: unresolved external symbol __imp____glewShaderSource
loadShaders.obj : error LNK2001: unresolved external symbol __imp____glewUseProgram
tree.obj : error LNK2001: unresolved external symbol __imp____glewUseProgram
tree.obj : error LNK2019: unresolved external symbol __imp__glewInit@0 referenced in function _main
tree.obj : error LNK2019: unresolved external symbol __imp__glutInitWindowPosition@8 referenced in function _main
tree.obj : error LNK2019: unresolved external symbol __imp__glutInitWindowSize@8 referenced in function _main
tree.obj : error LNK2019: unresolved external symbol __imp__glutInitDisplayMode@4 referenced in function _main
tree.obj : error LNK2019: unresolved external symbol __imp__glutMainLoop@0 referenced in function _main
tree.obj : error LNK2019: unresolved external symbol __imp__glutSwapBuffers@0 referenced in function "void __cdecl RenderFunction(void)" (?RenderFunction@@YAXXZ)
tree.obj : error LNK2019: unresolved external symbol __imp__glutIdleFunc@4 referenced in function _main
tree.obj : error LNK2019: unresolved external symbol __imp__glutKeyboardFunc@4 referenced in function _main
tree.obj : error LNK2019: unresolved external symbol __imp__glutSpecialFunc@4 referenced in function _main
tree.obj : error LNK2019: unresolved external symbol __imp__glutReshapeFunc@4 referenced in function _main
tree.obj : error LNK2019: unresolved external symbol __imp__glutDisplayFunc@4 referenced in function _main
tree.obj : error LNK2019: unresolved external symbol __imp____glutInitWithExit@12 referenced in function _glutInit_ATEXIT_HACK@8
tree.obj : error LNK2019: unresolved external symbol __imp____glutCreateWindowWithExit@8 referenced in function _glutCreateWindow_ATEXIT_HACK@4
tree.obj : error LNK2019: unresolved external symbol __imp__glutCloseFunc@4 referenced in function _main
tree.obj : error LNK2001: unresolved external symbol __imp____glewBindBuffer
tree.obj : error LNK2001: unresolved external symbol __imp____glewBufferData
tree.obj : error LNK2001: unresolved external symbol __imp____glewBufferSubData
tree.obj : error LNK2001: unresolved external symbol __imp____glewDeleteBuffers
tree.obj : error LNK2001: unresolved external symbol __imp____glewGenBuffers
tree.obj : error LNK2001: unresolved external symbol __imp____glewDeleteProgram
tree.obj : error LNK2001: unresolved external symbol __imp____glewDisableVertexAttribArray
tree.obj : error LNK2001: unresolved external symbol __imp____glewEnableVertexAttribArray
tree.obj : error LNK2001: unresolved external symbol __imp____glewGetUniformLocation
tree.obj : error LNK2001: unresolved external symbol __imp____glewUniform1i
tree.obj : error LNK2001: unresolved external symbol __imp____glewUniformMatrix4fv
tree.obj : error LNK2001: unresolved external symbol __imp____glewVertexAttribPointer
tree.obj : error LNK2001: unresolved external symbol __imp____glewVertexAttribDivisor
tree.obj : error LNK2001: unresolved external symbol __imp____glewBindVertexArray
C:\Program Files (x86)\Microsoft Visual Studio\2019\Community\VC\Tools\MSVC\14.25.28610\lib\x64\freeglut.lib : warning LNK4272: library machine type 'x64' conflicts with target machine type 'x86'
C:\Program Files (x86)\Microsoft Visual Studio\2019\Community\VC\Tools\MSVC\14.25.28610\lib\x64\glew32.lib : warning LNK4272: library machine type 'x64' conflicts with target machine type 'x86'
C:\Program Files (x86)\Microsoft Visual Studio\2019\Community\VC\Tools\MSVC\14.25.28610\lib\x64\glew32s.lib : warning LNK4272: library machine type 'x64' conflicts with target machine type 'x86'
D:\Theo\Info\FMI-LABS\An 3 Sem 1\Grafica pe Calculator\Labs\Proiect 2\Tree\Debug\Tree.exe : fatal error LNK1120: 37 unresolved externals
