IDA* 

Solutie: 
1)
##..##
#...d#
#..ee#
#..ef#
#**.f#
#g..h#
######

2)
Mutam d in stanga.
##..##
#..d.#
#..ee#
#..ef#
#**.f#
#g..h#
######

3)
Mutam d in sus.
##.d##
#....#
#..ee#
#..ef#
#**.f#
#g..h#
######

4)
Mutam d in stanga.
##d.##
#....#
#..ee#
#..ef#
#**.f#
#g..h#
######

5)
Mutam d in jos.
##..##
#.d..#
#..ee#
#..ef#
#**.f#
#g..h#
######

6)
Mutam d in jos.
##..##
#....#
#.dee#
#..ef#
#**.f#
#g..h#
######

7)
Mutam d in jos.
##..##
#....#
#..ee#
#.def#
#**.f#
#g..h#
######

8)
Mutam e in sus.
##..##
#..ee#
#..e.#
#.d.f#
#**.f#
#g..h#
######

9)
Mutam e in stanga.
##..##
#.ee.#
#.e..#
#.d.f#
#**.f#
#g..h#
######

10)
Mutam e in sus.
##ee##
#.e..#
#....#
#.d.f#
#**.f#
#g..h#
######

11)
Mutam d in sus.
##ee##
#.e..#
#.d..#
#...f#
#**.f#
#g..h#
######

12)
Mutam d in stanga.
##ee##
#.e..#
#d...#
#...f#
#**.f#
#g..h#
######

13)
Mutam e in jos.
##..##
#.ee.#
#de..#
#...f#
#**.f#
#g..h#
######

14)
Mutam e in jos.
##..##
#....#
#dee.#
#.e.f#
#**.f#
#g..h#
######

15)
Mutam d in sus.
##..##
#d...#
#.ee.#
#.e.f#
#**.f#
#g..h#
######

16)
Mutam d in dreapta.
##..##
#.d..#
#.ee.#
#.e.f#
#**.f#
#g..h#
######

17)
Mutam d in sus.
##d.##
#....#
#.ee.#
#.e.f#
#**.f#
#g..h#
######

18)
Mutam d in dreapta.
##.d##
#....#
#.ee.#
#.e.f#
#**.f#
#g..h#
######

19)
Mutam d in jos.
##..##
#..d.#
#.ee.#
#.e.f#
#**.f#
#g..h#
######

20)
Mutam d in dreapta.
##..##
#...d#
#.ee.#
#.e.f#
#**.f#
#g..h#
######

21)
Mutam d in jos.
##..##
#....#
#.eed#
#.e.f#
#**.f#
#g..h#
######

22)
Mutam e in sus.
##..##
#.ee.#
#.e.d#
#...f#
#**.f#
#g..h#
######

23)
Mutam e in sus.
##ee##
#.e..#
#...d#
#...f#
#**.f#
#g..h#
######

24)
Mutam d in sus.
##ee##
#.e.d#
#....#
#...f#
#**.f#
#g..h#
######

25)
Mutam e in jos.
##..##
#.eed#
#.e..#
#...f#
#**.f#
#g..h#
######

26)
Mutam e in stanga.
##..##
#ee.d#
#e...#
#...f#
#**.f#
#g..h#
######

27)
Mutam e in jos.
##..##
#...d#
#ee..#
#e..f#
#**.f#
#g..h#
######

28)
Mutam d in jos.
##..##
#....#
#ee.d#
#e..f#
#**.f#
#g..h#
######

29)
Mutam e in sus.
##..##
#ee..#
#e..d#
#...f#
#**.f#
#g..h#
######

30)
Mutam d in stanga.
##..##
#ee..#
#e.d.#
#...f#
#**.f#
#g..h#
######

31)
Mutam e in jos.
##..##
#....#
#eed.#
#e..f#
#**.f#
#g..h#
######

32)
Mutam d in sus.
##..##
#..d.#
#ee..#
#e..f#
#**.f#
#g..h#
######

33)
Mutam d in sus.
##.d##
#....#
#ee..#
#e..f#
#**.f#
#g..h#
######

34)
Mutam d in stanga.
##d.##
#....#
#ee..#
#e..f#
#**.f#
#g..h#
######

35)
Mutam d in jos.
##..##
#.d..#
#ee..#
#e..f#
#**.f#
#g..h#
######

36)
Mutam d in stanga.
##..##
#d...#
#ee..#
#e..f#
#**.f#
#g..h#
######

37)
Mutam f in sus.
##..##
#d...#
#ee.f#
#e..f#
#**..#
#g..h#
######

38)
Mutam d in dreapta.
##..##
#.d..#
#ee.f#
#e..f#
#**..#
#g..h#
######

39)
Mutam d in sus.
##d.##
#....#
#ee.f#
#e..f#
#**..#
#g..h#
######

40)
Mutam d in dreapta.
##.d##
#....#
#ee.f#
#e..f#
#**..#
#g..h#
######

41)
Mutam d in jos.
##..##
#..d.#
#ee.f#
#e..f#
#**..#
#g..h#
######

42)
Mutam d in jos.
##..##
#....#
#eedf#
#e..f#
#**..#
#g..h#
######

43)
Mutam e in sus.
##..##
#ee..#
#e.df#
#...f#
#**..#
#g..h#
######

44)
Mutam e in dreapta.
##..##
#.ee.#
#.edf#
#...f#
#**..#
#g..h#
######

45)
Mutam e in sus.
##ee##
#.e..#
#..df#
#...f#
#**..#
#g..h#
######

46)
Mutam d in sus.
##ee##
#.ed.#
#...f#
#...f#
#**..#
#g..h#
######

47)
Mutam d in dreapta.
##ee##
#.e.d#
#...f#
#...f#
#**..#
#g..h#
######

48)
Mutam e in jos.
##..##
#.eed#
#.e.f#
#...f#
#**..#
#g..h#
######

49)
Mutam e in jos.
##..##
#...d#
#.eef#
#.e.f#
#**..#
#g..h#
######

50)
Mutam d in stanga.
##..##
#..d.#
#.eef#
#.e.f#
#**..#
#g..h#
######

51)
Mutam d in sus.
##.d##
#....#
#.eef#
#.e.f#
#**..#
#g..h#
######

52)
Mutam d in stanga.
##d.##
#....#
#.eef#
#.e.f#
#**..#
#g..h#
######

53)
Mutam d in jos.
##..##
#.d..#
#.eef#
#.e.f#
#**..#
#g..h#
######

54)
Mutam d in stanga.
##..##
#d...#
#.eef#
#.e.f#
#**..#
#g..h#
######

55)
Mutam d in jos.
##..##
#....#
#deef#
#.e.f#
#**..#
#g..h#
######

56)
Mutam d in jos.
##..##
#....#
#.eef#
#de.f#
#**..#
#g..h#
######

57)
Mutam e in sus.
##..##
#.ee.#
#.e.f#
#d..f#
#**..#
#g..h#
######

58)
Mutam e in sus.
##ee##
#.e..#
#...f#
#d..f#
#**..#
#g..h#
######

59)
Mutam f in sus.
##ee##
#.e.f#
#...f#
#d...#
#**..#
#g..h#
######

60)
Mutam e in jos.
##..##
#.eef#
#.e.f#
#d...#
#**..#
#g..h#
######

61)
Mutam e in jos.
##..##
#...f#
#.eef#
#de..#
#**..#
#g..h#
######

62)
Mutam d in sus.
##..##
#...f#
#deef#
#.e..#
#**..#
#g..h#
######

63)
Mutam d in sus.
##..##
#d..f#
#.eef#
#.e..#
#**..#
#g..h#
######

64)
Mutam d in dreapta.
##..##
#.d.f#
#.eef#
#.e..#
#**..#
#g..h#
######

65)
Mutam d in sus.
##d.##
#...f#
#.eef#
#.e..#
#**..#
#g..h#
######

66)
Mutam d in dreapta.
##.d##
#...f#
#.eef#
#.e..#
#**..#
#g..h#
######

67)
Mutam d in jos.
##..##
#..df#
#.eef#
#.e..#
#**..#
#g..h#
######

68)
Mutam e in stanga.
##..##
#..df#
#ee.f#
#e...#
#**..#
#g..h#
######

69)
Mutam d in sus.
##.d##
#...f#
#ee.f#
#e...#
#**..#
#g..h#
######

70)
Mutam d in stanga.
##d.##
#...f#
#ee.f#
#e...#
#**..#
#g..h#
######

71)
Mutam d in jos.
##..##
#.d.f#
#ee.f#
#e...#
#**..#
#g..h#
######

72)
Mutam d in stanga.
##..##
#d..f#
#ee.f#
#e...#
#**..#
#g..h#
######

73)
Mutam f in stanga.
##..##
#d.f.#
#eef.#
#e...#
#**..#
#g..h#
######

74)
Mutam d in dreapta.
##..##
#.df.#
#eef.#
#e...#
#**..#
#g..h#
######

75)
Mutam d in sus.
##d.##
#..f.#
#eef.#
#e...#
#**..#
#g..h#
######

76)
Mutam d in dreapta.
##.d##
#..f.#
#eef.#
#e...#
#**..#
#g..h#
######

77)
Mutam f in jos.
##.d##
#....#
#eef.#
#e.f.#
#**..#
#g..h#
######

78)
Mutam d in jos.
##..##
#..d.#
#eef.#
#e.f.#
#**..#
#g..h#
######

79)
Mutam d in stanga.
##..##
#.d..#
#eef.#
#e.f.#
#**..#
#g..h#
######

80)
Mutam d in sus.
##d.##
#....#
#eef.#
#e.f.#
#**..#
#g..h#
######

81)
Mutam e in sus.
##d.##
#ee..#
#e.f.#
#..f.#
#**..#
#g..h#
######

82)
Mutam d in dreapta.
##.d##
#ee..#
#e.f.#
#..f.#
#**..#
#g..h#
######

83)
Mutam d in jos.
##..##
#eed.#
#e.f.#
#..f.#
#**..#
#g..h#
######

84)
Mutam d in dreapta.
##..##
#ee.d#
#e.f.#
#..f.#
#**..#
#g..h#
######

85)
Mutam e in jos.
##..##
#...d#
#eef.#
#e.f.#
#**..#
#g..h#
######

86)
Mutam d in jos.
##..##
#....#
#eefd#
#e.f.#
#**..#
#g..h#
######

87)
Mutam e in sus.
##..##
#ee..#
#e.fd#
#..f.#
#**..#
#g..h#
######

88)
Mutam e in dreapta.
##..##
#.ee.#
#.efd#
#..f.#
#**..#
#g..h#
######

89)
Mutam e in sus.
##ee##
#.e..#
#..fd#
#..f.#
#**..#
#g..h#
######

90)
Mutam f in sus.
##ee##
#.ef.#
#..fd#
#....#
#**..#
#g..h#
######

91)
Mutam d in sus.
##ee##
#.efd#
#..f.#
#....#
#**..#
#g..h#
######

92)
Mutam f in jos.
##ee##
#.e.d#
#..f.#
#..f.#
#**..#
#g..h#
######

93)
Mutam e in jos.
##..##
#.eed#
#.ef.#
#..f.#
#**..#
#g..h#
######

94)
Mutam f in jos.
##..##
#.eed#
#.e..#
#..f.#
#**f.#
#g..h#
######

95)
Mutam e in sus.
##ee##
#.e.d#
#....#
#..f.#
#**f.#
#g..h#
######

96)
Mutam d in jos.
##ee##
#.e..#
#...d#
#..f.#
#**f.#
#g..h#
######

97)
Mutam e in jos.
##..##
#.ee.#
#.e.d#
#..f.#
#**f.#
#g..h#
######

98)
Mutam e in jos.
##..##
#....#
#.eed#
#.ef.#
#**f.#
#g..h#
######

99)
Mutam e in stanga.
##..##
#....#
#ee.d#
#e.f.#
#**f.#
#g..h#
######

100)
Mutam e in sus.
##..##
#ee..#
#e..d#
#..f.#
#**f.#
#g..h#
######

101)
Mutam d in sus.
##..##
#ee.d#
#e...#
#..f.#
#**f.#
#g..h#
######

102)
Mutam e in jos.
##..##
#...d#
#ee..#
#e.f.#
#**f.#
#g..h#
######

103)
Mutam d in stanga.
##..##
#..d.#
#ee..#
#e.f.#
#**f.#
#g..h#
######

104)
Mutam d in sus.
##.d##
#....#
#ee..#
#e.f.#
#**f.#
#g..h#
######

105)
Mutam d in stanga.
##d.##
#....#
#ee..#
#e.f.#
#**f.#
#g..h#
######

106)
Mutam d in jos.
##..##
#.d..#
#ee..#
#e.f.#
#**f.#
#g..h#
######

107)
Mutam d in stanga.
##..##
#d...#
#ee..#
#e.f.#
#**f.#
#g..h#
######

108)
Mutam e in dreapta.
##..##
#d...#
#.ee.#
#.ef.#
#**f.#
#g..h#
######

109)
Mutam d in jos.
##..##
#....#
#dee.#
#.ef.#
#**f.#
#g..h#
######

110)
Mutam d in jos.
##..##
#....#
#.ee.#
#def.#
#**f.#
#g..h#
######

111)
Mutam e in sus.
##..##
#.ee.#
#.e..#
#d.f.#
#**f.#
#g..h#
######

112)
Mutam e in sus.
##ee##
#.e..#
#....#
#d.f.#
#**f.#
#g..h#
######

113)
Mutam d in sus.
##ee##
#.e..#
#d...#
#..f.#
#**f.#
#g..h#
######

114)
Mutam e in jos.
##..##
#.ee.#
#de..#
#..f.#
#**f.#
#g..h#
######

115)
Mutam e in dreapta.
##..##
#..ee#
#d.e.#
#..f.#
#**f.#
#g..h#
######

116)
Mutam d in sus.
##..##
#d.ee#
#..e.#
#..f.#
#**f.#
#g..h#
######

117)
Mutam d in dreapta.
##..##
#.dee#
#..e.#
#..f.#
#**f.#
#g..h#
######

118)
Mutam d in sus.
##d.##
#..ee#
#..e.#
#..f.#
#**f.#
#g..h#
######

119)
Mutam d in dreapta.
##.d##
#..ee#
#..e.#
#..f.#
#**f.#
#g..h#
######

120)
Mutam e in stanga.
##.d##
#.ee.#
#.e..#
#..f.#
#**f.#
#g..h#
######

121)
Mutam d in stanga.
##d.##
#.ee.#
#.e..#
#..f.#
#**f.#
#g..h#
######

122)
Mutam e in jos.
##d.##
#....#
#.ee.#
#.ef.#
#**f.#
#g..h#
######

123)
Mutam d in jos.
##..##
#.d..#
#.ee.#
#.ef.#
#**f.#
#g..h#
######

124)
Mutam d in dreapta.
##..##
#..d.#
#.ee.#
#.ef.#
#**f.#
#g..h#
######

125)
Mutam d in sus.
##.d##
#....#
#.ee.#
#.ef.#
#**f.#
#g..h#
######

126)
Mutam f in jos.
##.d##
#....#
#.ee.#
#.e..#
#**f.#
#g.fh#
######

127)
Mutam d in jos.
##..##
#..d.#
#.ee.#
#.e..#
#**f.#
#g.fh#
######

128)
Mutam d in stanga.
##..##
#.d..#
#.ee.#
#.e..#
#**f.#
#g.fh#
######

129)
Mutam d in sus.
##d.##
#....#
#.ee.#
#.e..#
#**f.#
#g.fh#
######

130)
Mutam e in sus.
##d.##
#.ee.#
#.e..#
#....#
#**f.#
#g.fh#
######

131)
Mutam d in dreapta.
##.d##
#.ee.#
#.e..#
#....#
#**f.#
#g.fh#
######

132)
Mutam e in stanga.
##.d##
#ee..#
#e...#
#....#
#**f.#
#g.fh#
######

133)
Mutam d in jos.
##..##
#eed.#
#e...#
#....#
#**f.#
#g.fh#
######

134)
Mutam e in jos.
##..##
#..d.#
#ee..#
#e...#
#**f.#
#g.fh#
######

135)
Mutam d in sus.
##.d##
#....#
#ee..#
#e...#
#**f.#
#g.fh#
######

136)
Mutam d in stanga.
##d.##
#....#
#ee..#
#e...#
#**f.#
#g.fh#
######

137)
Mutam d in jos.
##..##
#.d..#
#ee..#
#e...#
#**f.#
#g.fh#
######

138)
Mutam d in stanga.
##..##
#d...#
#ee..#
#e...#
#**f.#
#g.fh#
######

139)
Mutam e in dreapta.
##..##
#d...#
#.ee.#
#.e..#
#**f.#
#g.fh#
######

140)
Mutam d in jos.
##..##
#....#
#dee.#
#.e..#
#**f.#
#g.fh#
######

141)
Mutam d in jos.
##..##
#....#
#.ee.#
#de..#
#**f.#
#g.fh#
######

142)
Mutam e in sus.
##..##
#.ee.#
#.e..#
#d...#
#**f.#
#g.fh#
######

143)
Mutam e in sus.
##ee##
#.e..#
#....#
#d...#
#**f.#
#g.fh#
######

144)
Mutam d in sus.
##ee##
#.e..#
#d...#
#....#
#**f.#
#g.fh#
######

145)
Mutam e in jos.
##..##
#.ee.#
#de..#
#....#
#**f.#
#g.fh#
######

146)
Mutam e in dreapta.
##..##
#..ee#
#d.e.#
#....#
#**f.#
#g.fh#
######

147)
Mutam e in jos.
##..##
#....#
#d.ee#
#..e.#
#**f.#
#g.fh#
######

148)
Mutam d in sus.
##..##
#d...#
#..ee#
#..e.#
#**f.#
#g.fh#
######

149)
Mutam d in dreapta.
##..##
#.d..#
#..ee#
#..e.#
#**f.#
#g.fh#
######

150)
Mutam d in sus.
##d.##
#....#
#..ee#
#..e.#
#**f.#
#g.fh#
######

151)
Mutam d in dreapta.
##.d##
#....#
#..ee#
#..e.#
#**f.#
#g.fh#
######

152)
Mutam d in jos.
##..##
#..d.#
#..ee#
#..e.#
#**f.#
#g.fh#
######

153)
Mutam d in dreapta.
##..##
#...d#
#..ee#
#..e.#
#**f.#
#g.fh#
######

154)
Mutam e in stanga.
##..##
#...d#
#.ee.#
#.e..#
#**f.#
#g.fh#
######

155)
Mutam d in jos.
##..##
#....#
#.eed#
#.e..#
#**f.#
#g.fh#
######

156)
Mutam e in sus.
##..##
#.ee.#
#.e.d#
#....#
#**f.#
#g.fh#
######

157)
Mutam e in sus.
##ee##
#.e..#
#...d#
#....#
#**f.#
#g.fh#
######

158)
Mutam d in sus.
##ee##
#.e.d#
#....#
#....#
#**f.#
#g.fh#
######

159)
Mutam e in jos.
##..##
#.eed#
#.e..#
#....#
#**f.#
#g.fh#
######

160)
Mutam e in stanga.
##..##
#ee.d#
#e...#
#....#
#**f.#
#g.fh#
######

161)
Mutam e in jos.
##..##
#...d#
#ee..#
#e...#
#**f.#
#g.fh#
######

162)
Mutam d in jos.
##..##
#....#
#ee.d#
#e...#
#**f.#
#g.fh#
######

163)
Mutam e in sus.
##..##
#ee..#
#e..d#
#....#
#**f.#
#g.fh#
######

164)
Mutam d in jos.
##..##
#ee..#
#e...#
#...d#
#**f.#
#g.fh#
######

165)
Mutam e in jos.
##..##
#....#
#ee..#
#e..d#
#**f.#
#g.fh#
######

166)
Mutam e in dreapta.
##..##
#....#
#.ee.#
#.e.d#
#**f.#
#g.fh#
######

167)
Mutam e in sus.
##..##
#.ee.#
#.e..#
#...d#
#**f.#
#g.fh#
######

168)
Mutam e in sus.
##ee##
#.e..#
#....#
#...d#
#**f.#
#g.fh#
######

169)
Mutam d in jos.
##ee##
#.e..#
#....#
#....#
#**fd#
#g.fh#
######

170)
Mutam e in jos.
##..##
#.ee.#
#.e..#
#....#
#**fd#
#g.fh#
######

171)
Mutam e in jos.
##..##
#....#
#.ee.#
#.e..#
#**fd#
#g.fh#
######

172)
Mutam e in stanga.
##..##
#....#
#ee..#
#e...#
#**fd#
#g.fh#
######

173)
Mutam e in sus.
##..##
#ee..#
#e...#
#....#
#**fd#
#g.fh#
######

174)
Mutam * in sus.
##..##
#ee..#
#e...#
#**..#
#..fd#
#g.fh#
######

175)
Mutam e in dreapta.
##..##
#.ee.#
#.e..#
#**..#
#..fd#
#g.fh#
######

176)
Mutam e in sus.
##ee##
#.e..#
#....#
#**..#
#..fd#
#g.fh#
######

177)
Mutam * in sus.
##ee##
#.e..#
#**..#
#....#
#..fd#
#g.fh#
######

178)
Mutam * in dreapta.
##ee##
#.e..#
#.**.#
#....#
#..fd#
#g.fh#
######

179)
Mutam * in jos.
##ee##
#.e..#
#....#
#.**.#
#..fd#
#g.fh#
######

180)
Mutam e in jos.
##..##
#.ee.#
#.e..#
#.**.#
#..fd#
#g.fh#
######

181)
Mutam e in stanga.
##..##
#ee..#
#e...#
#.**.#
#..fd#
#g.fh#
######

182)
Mutam e in jos.
##..##
#....#
#ee..#
#e**.#
#..fd#
#g.fh#
######

183)
Mutam * in dreapta.
##..##
#....#
#ee..#
#e.**#
#..fd#
#g.fh#
######

184)
Mutam e in sus.
##..##
#ee..#
#e...#
#..**#
#..fd#
#g.fh#
######

185)
Mutam e in dreapta.
##..##
#.ee.#
#.e..#
#..**#
#..fd#
#g.fh#
######

186)
Mutam e in sus.
##ee##
#.e..#
#....#
#..**#
#..fd#
#g.fh#
######

187)
Mutam * in sus.
##ee##
#.e..#
#..**#
#....#
#..fd#
#g.fh#
######

188)
Mutam e in jos.
##..##
#.ee.#
#.e**#
#....#
#..fd#
#g.fh#
######

189)
Mutam e in stanga.
##..##
#ee..#
#e.**#
#....#
#..fd#
#g.fh#
######

190)
Mutam e in jos.
##..##
#....#
#ee**#
#e...#
#..fd#
#g.fh#
######

191)
Mutam e in jos.
##..##
#....#
#..**#
#ee..#
#e.fd#
#g.fh#
######

192)
Mutam * in sus.
##..##
#..**#
#....#
#ee..#
#e.fd#
#g.fh#
######

193)
Mutam * in stanga.
##..##
#.**.#
#....#
#ee..#
#e.fd#
#g.fh#
######

194)
Mutam * in sus.
##**##
#....#
#....#
#ee..#
#e.fd#
#g.fh#
######

195)
Mutam * in sus.
##..##
#....#
#....#
#ee..#
#e.fd#
#g.fh#
######

Cost:  356
Lungime:  195
Solutie gasita in 16591 milisecunde

----------------

