Fri May 21 09:38:24 2021: Starting Cisco Packet Tracer 8.0.0.0212
Fri May 21 09:38:24 2021: c:\users\cisco\jenkins\workspace\m_sgme_pt80_win64_cae\engine\ipc\ccep.cpp(349):WARN  - Forced an exapp to be MANDATORY at run-time.
Fri May 21 09:38:24 2021: c:\users\cisco\jenkins\workspace\m_sgme_pt80_win64_cae\engine\ipc\ccep.cpp(349):WARN  - Forced an exapp to be MANDATORY at run-time.
Fri May 21 09:38:26 2021: Script Module starting: 
Fri May 21 09:38:26 2021: Opening file: D:\Theo\Info\FMI-LABS\An 2, Sem 2\Retele de Calculatoare\Tudorache_Alexandru-Theodor_2_242\Tudorache_Alexandru-Theodor_2_242.pkt
Fri May 21 09:38:27 2021: Changed device name:  to LJUBLJANA1
Fri May 21 09:38:27 2021: Changed device name:  to LJUBLJANA3
Fri May 21 09:38:27 2021: Changed device name:  to LLJUBLJANA3
Fri May 21 09:38:27 2021: Changed device name:  to SERVER
Fri May 21 09:38:27 2021: Changed device name:  to Power Distribution Device0
Fri May 21 09:38:27 2021: Changed device name:  to SwLJUBLJANA1
Fri May 21 09:38:27 2021: Changed device name:  to SwLJUBLJANA3
Fri May 21 09:38:27 2021: Changed device name:  to RLJUBLJANA1
Fri May 21 09:38:27 2021: Changed device name:  to RLJUBLJANA3
Fri May 21 09:38:27 2021: Changed device name:  to RLJUBLJANA2
Fri May 21 09:38:27 2021: Changed device name:  to WIFI-LJUBLJANA3
Fri May 21 09:38:27 2021: Changed device name:  to SwLJUBLJANA2
Fri May 21 09:38:27 2021: Changed device name:  to SERVICE
Fri May 21 09:38:27 2021: Changed device name:  to RLJUBLJANA4
Fri May 21 09:38:27 2021: Changed device name:  to LAP2
Fri May 21 09:38:27 2021: SwLJUBLJANA1: Switch> enable
Fri May 21 09:38:27 2021: SwLJUBLJANA1: Switch# configure terminal
Fri May 21 09:38:27 2021: SwLJUBLJANA1: Switch(config)# no ip domain-lookup
Fri May 21 09:38:27 2021: SwLJUBLJANA1: Switch(config)# hostname SwLJUBLJANA1
Fri May 21 09:38:27 2021: SwLJUBLJANA1: SwLJUBLJANA1(config)# ip default-gateway 74.128.64.1
Fri May 21 09:38:27 2021: SwLJUBLJANA1: SwLJUBLJANA1(config)# no cdp run
Fri May 21 09:38:27 2021: SwLJUBLJANA1: SwLJUBLJANA1(config)# service password-encryption
Fri May 21 09:38:27 2021: SwLJUBLJANA1: SwLJUBLJANA1(config)# interface range fa 0/1-24
Fri May 21 09:38:27 2021: SwLJUBLJANA1: SwLJUBLJANA1(config-if-range)# shutdown
Fri May 21 09:38:27 2021: SwLJUBLJANA1: SwLJUBLJANA1(config-if-range)# exit
Fri May 21 09:38:27 2021: SwLJUBLJANA1: SwLJUBLJANA1(config)# enable password ciscoenapa55
Fri May 21 09:38:27 2021: SwLJUBLJANA1: SwLJUBLJANA1(config)# enable secretciscosecpa55
Fri May 21 09:38:27 2021: SwLJUBLJANA1: SwLJUBLJANA1(config)# enable secret ciscosecpa55
Fri May 21 09:38:27 2021: SwLJUBLJANA1: SwLJUBLJANA1(config)# banner motd # Luni la ora 10:00 sedinta IT !#
Fri May 21 09:38:27 2021: SwLJUBLJANA1: SwLJUBLJANA1(config)# line console 0
Fri May 21 09:38:27 2021: SwLJUBLJANA1: SwLJUBLJANA1(config-line)# password ciscoconpa55
Fri May 21 09:38:27 2021: SwLJUBLJANA1: SwLJUBLJANA1(config-line)# login
Fri May 21 09:38:27 2021: SwLJUBLJANA1: SwLJUBLJANA1(config-line)# logging synchronous
Fri May 21 09:38:27 2021: SwLJUBLJANA1: SwLJUBLJANA1(config-line)# exec-timeout 30 30
Fri May 21 09:38:27 2021: SwLJUBLJANA1: SwLJUBLJANA1(config-line)# exit
Fri May 21 09:38:27 2021: SwLJUBLJANA1: SwLJUBLJANA1(config)# line vty 0 15
Fri May 21 09:38:27 2021: SwLJUBLJANA1: SwLJUBLJANA1(config-line)# password ciscovtypa55
Fri May 21 09:38:27 2021: SwLJUBLJANA1: SwLJUBLJANA1(config-line)# login
Fri May 21 09:38:27 2021: SwLJUBLJANA1: SwLJUBLJANA1(config-line)# logging synchronous
Fri May 21 09:38:27 2021: SwLJUBLJANA1: SwLJUBLJANA1(config-line)# exec-timeout 30 25
Fri May 21 09:38:27 2021: SwLJUBLJANA1: SwLJUBLJANA1(config-line)# end
Fri May 21 09:38:27 2021: SwLJUBLJANA1: SwLJUBLJANA1# copy running-config startup-config
Fri May 21 09:38:27 2021: SwLJUBLJANA1: SwLJUBLJANA1# clock set 08:40:20 21 May 2021
Fri May 21 09:38:27 2021: SwLJUBLJANA1: SwLJUBLJANA1# show clock
Fri May 21 09:38:27 2021: SwLJUBLJANA1: SwLJUBLJANA1# configure terminal
Fri May 21 09:38:27 2021: SwLJUBLJANA1: SwLJUBLJANA1(config)# ip domain-name info.ro
Fri May 21 09:38:27 2021: SwLJUBLJANA1: SwLJUBLJANA1(config)# username Admin01 privilege 15 secret Admin01pa55
Fri May 21 09:38:27 2021: SwLJUBLJANA1: SwLJUBLJANA1(config)# line vty 0 15
Fri May 21 09:38:27 2021: SwLJUBLJANA1: SwLJUBLJANA1(config-line)# transport input ssh
Fri May 21 09:38:27 2021: SwLJUBLJANA1: SwLJUBLJANA1(config-line)# login local
Fri May 21 09:38:27 2021: SwLJUBLJANA1: SwLJUBLJANA1(config-line)# exit
Fri May 21 09:38:27 2021: SwLJUBLJANA1: SwLJUBLJANA1(config)# crypto key generate rsa
Fri May 21 09:38:27 2021: SwLJUBLJANA1: SwLJUBLJANA1(config)# logging host 74.128.80.62
Fri May 21 09:38:27 2021: SwLJUBLJANA1: SwLJUBLJANA1(config)# service timestamps log datetime msec
Fri May 21 09:38:27 2021: SwLJUBLJANA1: SwLJUBLJANA1(config)# service timestamps debug datetime msec
Fri May 21 09:38:27 2021: SwLJUBLJANA1: SwLJUBLJANA1(config)# interface vlan 1
Fri May 21 09:38:27 2021: SwLJUBLJANA1: SwLJUBLJANA1(config-if)# description Legatura cu ramura 74.128.64.0/20
Fri May 21 09:38:27 2021: SwLJUBLJANA1: SwLJUBLJANA1(config-if)# ip address 74.128.64.2 255.255.240.0
Fri May 21 09:38:27 2021: SwLJUBLJANA1: SwLJUBLJANA1(config-if)# no shutdown
Fri May 21 09:38:27 2021: SwLJUBLJANA1: SwLJUBLJANA1(config-if)# end
Fri May 21 09:38:27 2021: SwLJUBLJANA1: SwLJUBLJANA1# copy running-config startup-config
Fri May 21 09:38:27 2021: SwLJUBLJANA1: SwLJUBLJANA1# exit
Fri May 21 09:38:27 2021: RLJUBLJANA1: Router> enable
Fri May 21 09:38:27 2021: RLJUBLJANA1: Router# configure terminal
Fri May 21 09:38:27 2021: RLJUBLJANA1: Router(config)# no ip domain-lookup
Fri May 21 09:38:27 2021: RLJUBLJANA1: Router(config)# hostname RLJUBLJANA1
Fri May 21 09:38:27 2021: RLJUBLJANA1: RLJUBLJANA1(config)# no cdp run
Fri May 21 09:38:27 2021: RLJUBLJANA1: RLJUBLJANA1(config)# interface range giga 0/1-2
Fri May 21 09:38:27 2021: RLJUBLJANA1: RLJUBLJANA1(config-if-range)# shutdown
Fri May 21 09:38:27 2021: RLJUBLJANA1: RLJUBLJANA1(config-if-range)# exit
Fri May 21 09:38:27 2021: RLJUBLJANA1: RLJUBLJANA1(config)# interface serial 0/0/0
Fri May 21 09:38:27 2021: RLJUBLJANA1: RLJUBLJANA1(config-if)# shutdown
Fri May 21 09:38:27 2021: RLJUBLJANA1: RLJUBLJANA1(config-if)# exit
Fri May 21 09:38:27 2021: RLJUBLJANA1: RLJUBLJANA1(config)# interface serial 0/0/1
Fri May 21 09:38:27 2021: RLJUBLJANA1: RLJUBLJANA1(config-if)# shutdown
Fri May 21 09:38:27 2021: RLJUBLJANA1: RLJUBLJANA1(config-if)# exit
Fri May 21 09:38:27 2021: RLJUBLJANA1: RLJUBLJANA1(config)# service password-encryption
Fri May 21 09:38:27 2021: RLJUBLJANA1: RLJUBLJANA1(config)# security passwords min-length 10
Fri May 21 09:38:27 2021: RLJUBLJANA1: RLJUBLJANA1(config)# login block-for 45 attempts 3 within 15
Fri May 21 09:38:27 2021: RLJUBLJANA1: RLJUBLJANA1(config)# enable password ciscoenapa55
Fri May 21 09:38:27 2021: RLJUBLJANA1: RLJUBLJANA1(config)# enable secret ciscosecpa55
Fri May 21 09:38:27 2021: RLJUBLJANA1: RLJUBLJANA1(config)# banner login # Accesul persoanelor neautorizate este scrict interzis !#
Fri May 21 09:38:27 2021: RLJUBLJANA1: RLJUBLJANA1(config)# banner motd # Luni serverul nu va functiona !#
Fri May 21 09:38:27 2021: RLJUBLJANA1: RLJUBLJANA1(config)# line console 0
Fri May 21 09:38:27 2021: RLJUBLJANA1: RLJUBLJANA1(config-line)# password ciscoconpa55
Fri May 21 09:38:27 2021: RLJUBLJANA1: RLJUBLJANA1(config-line)# login
Fri May 21 09:38:27 2021: RLJUBLJANA1: RLJUBLJANA1(config-line)# logging synchronous
Fri May 21 09:38:27 2021: RLJUBLJANA1: RLJUBLJANA1(config-line)# exec-timeout 30 25
Fri May 21 09:38:27 2021: RLJUBLJANA1: RLJUBLJANA1(config-line)# exit
Fri May 21 09:38:27 2021: RLJUBLJANA1: RLJUBLJANA1(config)# line vty 0 15
Fri May 21 09:38:27 2021: RLJUBLJANA1: RLJUBLJANA1(config-line)# password ciscovtypa55
Fri May 21 09:38:27 2021: RLJUBLJANA1: RLJUBLJANA1(config-line)# login
Fri May 21 09:38:27 2021: RLJUBLJANA1: RLJUBLJANA1(config-line)# logging synchronous
Fri May 21 09:38:27 2021: RLJUBLJANA1: RLJUBLJANA1(config-line)# exec-timeout 30 30
Fri May 21 09:38:27 2021: RLJUBLJANA1: RLJUBLJANA1(config-line)# end
Fri May 21 09:38:27 2021: RLJUBLJANA1: RLJUBLJANA1# copy running-config startup-config 
Fri May 21 09:38:27 2021: RLJUBLJANA1: RLJUBLJANA1# CLOCK SET 08:43:20 21 May 2021
Fri May 21 09:38:27 2021: RLJUBLJANA1: RLJUBLJANA1# show clock
Fri May 21 09:38:27 2021: RLJUBLJANA1: RLJUBLJANA1# configure terminal
Fri May 21 09:38:27 2021: RLJUBLJANA1: RLJUBLJANA1(config)# ip domain-name info.ro
Fri May 21 09:38:27 2021: RLJUBLJANA1: RLJUBLJANA1(config)# username Admin01 privilege 15 secret Admin01pa55
Fri May 21 09:38:27 2021: RLJUBLJANA1: RLJUBLJANA1(config)# line vty 0 15
Fri May 21 09:38:27 2021: RLJUBLJANA1: RLJUBLJANA1(config-line)# transport input ssh
Fri May 21 09:38:27 2021: RLJUBLJANA1: RLJUBLJANA1(config-line)# login local
Fri May 21 09:38:27 2021: RLJUBLJANA1: RLJUBLJANA1(config-line)# exit
Fri May 21 09:38:27 2021: RLJUBLJANA1: RLJUBLJANA1(config)# crypto key generate rsa
Fri May 21 09:38:27 2021: RLJUBLJANA1: RLJUBLJANA1(config)# logging host 74.128.80.62
Fri May 21 09:38:27 2021: RLJUBLJANA1: RLJUBLJANA1(config)# service timestamps log datetime msec
Fri May 21 09:38:27 2021: RLJUBLJANA1: RLJUBLJANA1(config)# service timestamps debug datetime msec
Fri May 21 09:38:27 2021: RLJUBLJANA1: RLJUBLJANA1(config)# interface giga 0/0
Fri May 21 09:38:27 2021: RLJUBLJANA1: RLJUBLJANA1(config-if)# description Legtura cu LAN 74.128.64.0/20
Fri May 21 09:38:27 2021: RLJUBLJANA1: RLJUBLJANA1(config-if)# ip address 74.128.64.1 255.255.255.240.0
Fri May 21 09:38:27 2021: RLJUBLJANA1: RLJUBLJANA1(config-if)# ip address 74.128.64.1 255.255.255.240.0
Fri May 21 09:38:27 2021: RLJUBLJANA1: RLJUBLJANA1(config-if)# ip address 74.128.64.0 255.255.255.240.0
Fri May 21 09:38:27 2021: RLJUBLJANA1: RLJUBLJANA1(config-if)# exit
Fri May 21 09:38:27 2021: RLJUBLJANA1: RLJUBLJANA1(config)# interface giga 0/0
Fri May 21 09:38:27 2021: RLJUBLJANA1: RLJUBLJANA1(config-if)# ip address 74.128.64.0 255.255.255.240.0
Fri May 21 09:38:27 2021: RLJUBLJANA1: RLJUBLJANA1> enable
Fri May 21 09:38:27 2021: RLJUBLJANA1: RLJUBLJANA1# service timestamps log datetime msec
Fri May 21 09:38:27 2021: RLJUBLJANA1: RLJUBLJANA1# service timestamps debug datetime msec
Fri May 21 09:38:27 2021: RLJUBLJANA1: RLJUBLJANA1# interface giga 0/0
Fri May 21 09:38:27 2021: RLJUBLJANA1: RLJUBLJANA1# conf t
Fri May 21 09:38:27 2021: RLJUBLJANA1: RLJUBLJANA1(config)# service timestamps log datetime msec
Fri May 21 09:38:27 2021: RLJUBLJANA1: RLJUBLJANA1(config)# service timestamps debug datetime msec
Fri May 21 09:38:27 2021: RLJUBLJANA1: RLJUBLJANA1(config)# interface giga 0/0
Fri May 21 09:38:27 2021: RLJUBLJANA1: RLJUBLJANA1(config-if)# description Legatura cu LAN 74.128.64.0/20
Fri May 21 09:38:27 2021: RLJUBLJANA1: RLJUBLJANA1(config-if)# ip address 74.128.64.1 255.255.240.0
Fri May 21 09:38:27 2021: RLJUBLJANA1: RLJUBLJANA1(config-if)# ip helper-address 74.128.80.62
Fri May 21 09:38:27 2021: RLJUBLJANA1: RLJUBLJANA1(config-if)# no shutdown
Fri May 21 09:38:27 2021: RLJUBLJANA1: RLJUBLJANA1(config-if)# end
Fri May 21 09:38:27 2021: RLJUBLJANA1: RLJUBLJANA1# copy running-config startup-config
Fri May 21 09:38:27 2021: RLJUBLJANA1: RLJUBLJANA1# conf t
Fri May 21 09:38:27 2021: RLJUBLJANA1: RLJUBLJANA1(config)# interface serial 0/0/0
Fri May 21 09:38:27 2021: RLJUBLJANA1: RLJUBLJANA1(config-if)# description Legatura cu routerul RLJUBLJANA2
Fri May 21 09:38:27 2021: RLJUBLJANA1: RLJUBLJANA1(config-if)# ip address 74.128.80.65 255.255.255.252
Fri May 21 09:38:27 2021: RLJUBLJANA1: RLJUBLJANA1(config-if)# no shutdown
Fri May 21 09:38:27 2021: RLJUBLJANA1: RLJUBLJANA1(config-if)# exit
Fri May 21 09:38:27 2021: RLJUBLJANA1: RLJUBLJANA1(config)# router rip
Fri May 21 09:38:27 2021: RLJUBLJANA1: RLJUBLJANA1(config-router)# version 2
Fri May 21 09:38:27 2021: RLJUBLJANA1: RLJUBLJANA1(config-router)# no auto-summary
Fri May 21 09:38:27 2021: RLJUBLJANA1: RLJUBLJANA1(config-router)# network 74.128.64.0
Fri May 21 09:38:27 2021: RLJUBLJANA1: RLJUBLJANA1(config-router)# network 74.128.80.64
Fri May 21 09:38:27 2021: RLJUBLJANA1: RLJUBLJANA1(config-router)# end
Fri May 21 09:38:27 2021: RLJUBLJANA1: RLJUBLJANA1# show ip route
Fri May 21 09:38:27 2021: RLJUBLJANA2: Router> enable
Fri May 21 09:38:27 2021: RLJUBLJANA2: Router# configure terminal
Fri May 21 09:38:27 2021: RLJUBLJANA2: Router(config)# no ip domain-lookup
Fri May 21 09:38:27 2021: RLJUBLJANA2: Router(config)# hostname RLJUBLJANA2
Fri May 21 09:38:27 2021: RLJUBLJANA2: RLJUBLJANA2(config)# no cdp run
Fri May 21 09:38:27 2021: RLJUBLJANA2: RLJUBLJANA2(config)# interface range giga 0/1-2
Fri May 21 09:38:27 2021: RLJUBLJANA2: RLJUBLJANA2(config-if-range)# shutdown
Fri May 21 09:38:27 2021: RLJUBLJANA2: RLJUBLJANA2(config-if-range)# exit
Fri May 21 09:38:27 2021: RLJUBLJANA2: RLJUBLJANA2(config)# interface serial 0/0/0
Fri May 21 09:38:27 2021: RLJUBLJANA2: RLJUBLJANA2(config-if)# shutdown
Fri May 21 09:38:27 2021: RLJUBLJANA2: RLJUBLJANA2(config-if)# exit
Fri May 21 09:38:27 2021: RLJUBLJANA2: RLJUBLJANA2(config)# interface serial 0/0/1
Fri May 21 09:38:27 2021: RLJUBLJANA2: RLJUBLJANA2(config-if)# shutdown
Fri May 21 09:38:27 2021: RLJUBLJANA2: RLJUBLJANA2(config-if)# exit
Fri May 21 09:38:27 2021: RLJUBLJANA2: RLJUBLJANA2(config)# service password-encryption
Fri May 21 09:38:27 2021: RLJUBLJANA2: RLJUBLJANA2(config)# security passwords min-length 10
Fri May 21 09:38:27 2021: RLJUBLJANA2: RLJUBLJANA2(config)# login block-for 45 attempts 3 within 15
Fri May 21 09:38:27 2021: RLJUBLJANA2: RLJUBLJANA2(config)# enable password ciscoenapa55
Fri May 21 09:38:27 2021: RLJUBLJANA2: RLJUBLJANA2(config)# enable secret ciscosecpa55
Fri May 21 09:38:27 2021: RLJUBLJANA2: RLJUBLJANA2(config)# banner login # Accesul persoanelor neautorizate este scrict interzis !#
Fri May 21 09:38:27 2021: RLJUBLJANA2: RLJUBLJANA2(config)# banner motd # Marti serverul nu va functiona !#
Fri May 21 09:38:27 2021: RLJUBLJANA2: RLJUBLJANA2(config)# line console 0
Fri May 21 09:38:27 2021: RLJUBLJANA2: RLJUBLJANA2(config-line)# password ciscoconpa55
Fri May 21 09:38:27 2021: RLJUBLJANA2: RLJUBLJANA2(config-line)# login
Fri May 21 09:38:27 2021: RLJUBLJANA2: RLJUBLJANA2(config-line)# logging synchronous
Fri May 21 09:38:27 2021: RLJUBLJANA2: RLJUBLJANA2(config-line)# exec-timeout 30 25
Fri May 21 09:38:27 2021: RLJUBLJANA2: RLJUBLJANA2(config-line)# exit
Fri May 21 09:38:27 2021: RLJUBLJANA2: RLJUBLJANA2(config)# line vty 0 15
Fri May 21 09:38:27 2021: RLJUBLJANA2: RLJUBLJANA2(config-line)# password ciscovtypa55
Fri May 21 09:38:27 2021: RLJUBLJANA2: RLJUBLJANA2(config-line)# login
Fri May 21 09:38:27 2021: RLJUBLJANA2: RLJUBLJANA2(config-line)# logging synchronous
Fri May 21 09:38:27 2021: RLJUBLJANA2: RLJUBLJANA2(config-line)# exec-timeout 30 30
Fri May 21 09:38:27 2021: RLJUBLJANA2: RLJUBLJANA2(config-line)# end
Fri May 21 09:38:27 2021: RLJUBLJANA2: RLJUBLJANA2# copy running-config startup-config 
Fri May 21 09:38:27 2021: RLJUBLJANA2: RLJUBLJANA2# clock set 08:49:20 21 May 2021
Fri May 21 09:38:27 2021: RLJUBLJANA2: RLJUBLJANA2# show clock
Fri May 21 09:38:27 2021: RLJUBLJANA2: RLJUBLJANA2# configure terminal
Fri May 21 09:38:27 2021: RLJUBLJANA2: RLJUBLJANA2(config)# ip domain-name info.ro
Fri May 21 09:38:27 2021: RLJUBLJANA2: RLJUBLJANA2(config)# username Admin01 privilege 15 secret Admin01pa55
Fri May 21 09:38:27 2021: RLJUBLJANA2: RLJUBLJANA2(config)# line vty 0 15
Fri May 21 09:38:27 2021: RLJUBLJANA2: RLJUBLJANA2(config-line)# transport input ssh
Fri May 21 09:38:27 2021: RLJUBLJANA2: RLJUBLJANA2(config-line)# login local
Fri May 21 09:38:27 2021: RLJUBLJANA2: RLJUBLJANA2(config-line)# exit
Fri May 21 09:38:27 2021: RLJUBLJANA2: RLJUBLJANA2(config)# crypto key generate rsa
Fri May 21 09:38:27 2021: RLJUBLJANA2: RLJUBLJANA2(config)# logging host 74.128.80.62
Fri May 21 09:38:27 2021: RLJUBLJANA2: RLJUBLJANA2(config)# service timestamps log datetime msec
Fri May 21 09:38:27 2021: RLJUBLJANA2: RLJUBLJANA2(config)# service timestamps debug datetime msec
Fri May 21 09:38:27 2021: RLJUBLJANA2: RLJUBLJANA2(config)# interface giga 0/0
Fri May 21 09:38:27 2021: RLJUBLJANA2: RLJUBLJANA2(config-if)# description Legatura cu LAN 74.128.64.0/26
Fri May 21 09:38:27 2021: RLJUBLJANA2: RLJUBLJANA2(config-if)# ip address 74.128.64.1 255.255.255.192
Fri May 21 09:38:27 2021: RLJUBLJANA2: RLJUBLJANA2(config-if)# ip helper-address 74.128.80.62
Fri May 21 09:38:27 2021: RLJUBLJANA2: RLJUBLJANA2(config-if)# no shutdown
Fri May 21 09:38:27 2021: RLJUBLJANA2: RLJUBLJANA2(config-if)# end
Fri May 21 09:38:27 2021: RLJUBLJANA2: RLJUBLJANA2# copy running-config startup-config
Fri May 21 09:38:27 2021: RLJUBLJANA2: RLJUBLJANA2# interface serial 0/0/0
Fri May 21 09:38:27 2021: RLJUBLJANA2: RLJUBLJANA2# conf t
Fri May 21 09:38:27 2021: RLJUBLJANA2: RLJUBLJANA2(config)# interface serial
Fri May 21 09:38:27 2021: RLJUBLJANA2: RLJUBLJANA2(config)# description Legatura cu routerul RLJUBLJANA1
Fri May 21 09:38:27 2021: RLJUBLJANA2: RLJUBLJANA2(config)# interface serial 0/0/0
Fri May 21 09:38:27 2021: RLJUBLJANA2: RLJUBLJANA2(config-if)# description Legatura cu routerul RLJUBLJANA1
Fri May 21 09:38:27 2021: RLJUBLJANA2: RLJUBLJANA2(config-if)# ip address 74.128.80.66 255.255.255.252
Fri May 21 09:38:27 2021: RLJUBLJANA2: RLJUBLJANA2(config-if)# no shutdown
Fri May 21 09:38:27 2021: RLJUBLJANA2: RLJUBLJANA2(config-if)# exit
Fri May 21 09:38:27 2021: RLJUBLJANA2: RLJUBLJANA2(config)# interface serial 0/0/1
Fri May 21 09:38:27 2021: RLJUBLJANA2: RLJUBLJANA2(config-if)# description Legatura cu routerul RLJUBLJANA3
Fri May 21 09:38:27 2021: RLJUBLJANA2: RLJUBLJANA2(config-if)# ip address 74.128.80.69 255.255.255.252
Fri May 21 09:38:27 2021: RLJUBLJANA2: RLJUBLJANA2(config-if)# no shutdown
Fri May 21 09:38:27 2021: RLJUBLJANA2: RLJUBLJANA2(config-if)# exit
Fri May 21 09:38:27 2021: RLJUBLJANA2: RLJUBLJANA2(config)# router rip
Fri May 21 09:38:27 2021: RLJUBLJANA2: RLJUBLJANA2(config-router)# version 2
Fri May 21 09:38:27 2021: RLJUBLJANA2: RLJUBLJANA2(config-router)# no auto-summary
Fri May 21 09:38:27 2021: RLJUBLJANA2: RLJUBLJANA2(config-router)# network 74.128.64.0
Fri May 21 09:38:27 2021: RLJUBLJANA2: RLJUBLJANA2(config-router)# no network 74.128.64.0
Fri May 21 09:38:27 2021: RLJUBLJANA2: RLJUBLJANA2(config-router)# network 74.128.80.0
Fri May 21 09:38:27 2021: RLJUBLJANA2: RLJUBLJANA2(config-router)# network 74.128.80.64
Fri May 21 09:38:27 2021: RLJUBLJANA2: RLJUBLJANA2(config-router)# network 74.128.80.68
Fri May 21 09:38:27 2021: RLJUBLJANA2: RLJUBLJANA2(config-router)# exit
Fri May 21 09:38:27 2021: RLJUBLJANA2: RLJUBLJANA2(config)# interface giga 0/0
Fri May 21 09:38:27 2021: RLJUBLJANA2: RLJUBLJANA2(config-if)# description Legatura cu LAN 74.128.80.0/26
Fri May 21 09:38:27 2021: RLJUBLJANA2: RLJUBLJANA2(config-if)# ip address 74.128.80.1 255.255.255.192
Fri May 21 09:38:27 2021: RLJUBLJANA2: RLJUBLJANA2(config-if)# ip helper-address 74.128.80.62
Fri May 21 09:38:27 2021: RLJUBLJANA2: RLJUBLJANA2(config-if)# exit
Fri May 21 09:38:27 2021: RLJUBLJANA1: RLJUBLJANA1# show ip route
Fri May 21 09:38:27 2021: RLJUBLJANA2: RLJUBLJANA2(config)# exit
Fri May 21 09:38:27 2021: RLJUBLJANA2: RLJUBLJANA2# show ip route
Fri May 21 09:38:27 2021: RLJUBLJANA3: Router> enable
Fri May 21 09:38:27 2021: RLJUBLJANA3: Router# configure terminal
Fri May 21 09:38:27 2021: RLJUBLJANA3: Router(config)# no ip domain-lookup
Fri May 21 09:38:27 2021: RLJUBLJANA3: Router(config)# hostname RLJUBLJANA3
Fri May 21 09:38:27 2021: RLJUBLJANA3: RLJUBLJANA3(config)# no cdp run
Fri May 21 09:38:27 2021: RLJUBLJANA3: RLJUBLJANA3(config)# interface range giga 0/1-2
Fri May 21 09:38:27 2021: RLJUBLJANA3: RLJUBLJANA3(config-if-range)# shutdown
Fri May 21 09:38:27 2021: RLJUBLJANA3: RLJUBLJANA3(config-if-range)# exit
Fri May 21 09:38:27 2021: RLJUBLJANA3: RLJUBLJANA3(config)# interface serial 0/0/0
Fri May 21 09:38:27 2021: RLJUBLJANA3: RLJUBLJANA3(config-if)# shutdown
Fri May 21 09:38:27 2021: RLJUBLJANA3: RLJUBLJANA3(config-if)# exit
Fri May 21 09:38:27 2021: RLJUBLJANA3: RLJUBLJANA3(config)# interface serial 0/0/1
Fri May 21 09:38:27 2021: RLJUBLJANA3: RLJUBLJANA3(config-if)# shutdown
Fri May 21 09:38:27 2021: RLJUBLJANA3: RLJUBLJANA3(config-if)# exit
Fri May 21 09:38:27 2021: RLJUBLJANA3: RLJUBLJANA3(config)# service password-encryption
Fri May 21 09:38:27 2021: RLJUBLJANA3: RLJUBLJANA3(config)# security passwords min-length 10
Fri May 21 09:38:27 2021: RLJUBLJANA3: RLJUBLJANA3(config)# login block-for 45 attempts 3 within 15
Fri May 21 09:38:27 2021: RLJUBLJANA3: RLJUBLJANA3(config)# enable password ciscoenapa55
Fri May 21 09:38:27 2021: RLJUBLJANA3: RLJUBLJANA3(config)# enable secret ciscosecpa55
Fri May 21 09:38:27 2021: RLJUBLJANA3: RLJUBLJANA3(config)# banner login # Accesul persoanelor neautorizate este scrict interzis !#
Fri May 21 09:38:27 2021: RLJUBLJANA3: RLJUBLJANA3(config)# banner motd # Miercuri serverul nu va functiona !#
Fri May 21 09:38:27 2021: RLJUBLJANA3: RLJUBLJANA3(config)# line console 0
Fri May 21 09:38:27 2021: RLJUBLJANA3: RLJUBLJANA3(config-line)# password ciscoconpa55
Fri May 21 09:38:27 2021: RLJUBLJANA3: RLJUBLJANA3(config-line)# login
Fri May 21 09:38:27 2021: RLJUBLJANA3: RLJUBLJANA3(config-line)# logging synchronous
Fri May 21 09:38:27 2021: RLJUBLJANA3: RLJUBLJANA3(config-line)# exec-timeout 30 25
Fri May 21 09:38:27 2021: RLJUBLJANA3: RLJUBLJANA3(config-line)# exit
Fri May 21 09:38:27 2021: RLJUBLJANA3: RLJUBLJANA3(config)# line vty 0 15
Fri May 21 09:38:27 2021: RLJUBLJANA3: RLJUBLJANA3(config-line)# password ciscovtypa55
Fri May 21 09:38:27 2021: RLJUBLJANA3: RLJUBLJANA3(config-line)# login
Fri May 21 09:38:27 2021: RLJUBLJANA3: RLJUBLJANA3(config-line)# logging synchronous
Fri May 21 09:38:27 2021: RLJUBLJANA3: RLJUBLJANA3(config-line)# exec-timeout 30 30
Fri May 21 09:38:27 2021: RLJUBLJANA3: RLJUBLJANA3(config-line)# end
Fri May 21 09:38:27 2021: RLJUBLJANA3: RLJUBLJANA3# copy running-config startup-config 
Fri May 21 09:38:27 2021: RLJUBLJANA3: RLJUBLJANA3# clock set 08:57:20 21 May 2021
Fri May 21 09:38:27 2021: RLJUBLJANA3: RLJUBLJANA3# show clock
Fri May 21 09:38:27 2021: RLJUBLJANA3: RLJUBLJANA3# configure terminal
Fri May 21 09:38:27 2021: RLJUBLJANA3: RLJUBLJANA3(config)# ip domain-name info.ro
Fri May 21 09:38:27 2021: RLJUBLJANA3: RLJUBLJANA3(config)# username Admin01 privilege 15 secret Admin01pa55
Fri May 21 09:38:27 2021: RLJUBLJANA3: RLJUBLJANA3(config)# line vty 0 15
Fri May 21 09:38:27 2021: RLJUBLJANA3: RLJUBLJANA3(config-line)# transport input ssh
Fri May 21 09:38:27 2021: RLJUBLJANA3: RLJUBLJANA3(config-line)# login local
Fri May 21 09:38:27 2021: RLJUBLJANA3: RLJUBLJANA3(config-line)# exit
Fri May 21 09:38:27 2021: RLJUBLJANA3: RLJUBLJANA3(config)# crypto key generate rsa
Fri May 21 09:38:27 2021: RLJUBLJANA3: RLJUBLJANA3(config)# logging host 74.128.80.62
Fri May 21 09:38:27 2021: RLJUBLJANA3: RLJUBLJANA3(config)# service timestamps log datetime msec
Fri May 21 09:38:27 2021: RLJUBLJANA3: RLJUBLJANA3(config)# service timestamps debug datetime msec
Fri May 21 09:38:27 2021: RLJUBLJANA3: RLJUBLJANA3(config)# interface giga 0/0
Fri May 21 09:38:27 2021: RLJUBLJANA3: RLJUBLJANA3(config-if)# description Legatura cu LAN 74.128.0.0/18
Fri May 21 09:38:27 2021: RLJUBLJANA3: RLJUBLJANA3(config-if)# ip address 74.128.0.1 255.255.192.0
Fri May 21 09:38:27 2021: RLJUBLJANA3: RLJUBLJANA3(config-if)# ip helper-address 74.128.80.62
Fri May 21 09:38:27 2021: RLJUBLJANA3: RLJUBLJANA3(config-if)# no shutdown
Fri May 21 09:38:27 2021: RLJUBLJANA3: RLJUBLJANA3(config-if)# end
Fri May 21 09:38:27 2021: RLJUBLJANA3: RLJUBLJANA3# copy running-config startup-config
Fri May 21 09:38:27 2021: RLJUBLJANA3: RLJUBLJANA3# interface giga 0/1
Fri May 21 09:38:27 2021: RLJUBLJANA3: RLJUBLJANA3# conf t
Fri May 21 09:38:27 2021: RLJUBLJANA3: RLJUBLJANA3(config)# interface giga 0/1
Fri May 21 09:38:27 2021: RLJUBLJANA3: RLJUBLJANA3(config-if)# description Legatura cu WIFI-LJUBLJANA3
Fri May 21 09:38:27 2021: RLJUBLJANA3: RLJUBLJANA3(config-if)# ip address 74.128.80.72 255.255.255.252
Fri May 21 09:38:27 2021: RLJUBLJANA3: RLJUBLJANA3(config-if)# exit
Fri May 21 09:38:27 2021: RLJUBLJANA3: RLJUBLJANA3(config)# interface serial 0/0/0
Fri May 21 09:38:27 2021: RLJUBLJANA3: RLJUBLJANA3(config-if)# description Legatura cu routerul RLJUBLJANA2
Fri May 21 09:38:27 2021: RLJUBLJANA3: RLJUBLJANA3(config-if)# ip address 74.128.80.70 255.255.255.252
Fri May 21 09:38:27 2021: RLJUBLJANA3: RLJUBLJANA3(config-if)# no shutdown
Fri May 21 09:38:27 2021: RLJUBLJANA3: RLJUBLJANA3(config-if)# exit
Fri May 21 09:38:27 2021: RLJUBLJANA3: RLJUBLJANA3(config)# interface serial 0/0/0
Fri May 21 09:38:27 2021: RLJUBLJANA3: RLJUBLJANA3(config-if)# description Legatura cu routerul RLJUBLJANA1
Fri May 21 09:38:27 2021: RLJUBLJANA3: RLJUBLJANA3(config-if)# exit
Fri May 21 09:38:27 2021: RLJUBLJANA3: RLJUBLJANA3(config)# interface serial 0/0/1
Fri May 21 09:38:27 2021: RLJUBLJANA3: RLJUBLJANA3(config-if)# description Legatura cu routerul RLJUBLJANA2
Fri May 21 09:38:27 2021: RLJUBLJANA3: RLJUBLJANA3(config-if)# interface serial 0/0/0
Fri May 21 09:38:27 2021: RLJUBLJANA3: RLJUBLJANA3(config-if)# no ip address
Fri May 21 09:38:27 2021: RLJUBLJANA3: RLJUBLJANA3(config-if)# exit
Fri May 21 09:38:27 2021: RLJUBLJANA3: RLJUBLJANA3(config)# interface serial 0/0/1
Fri May 21 09:38:27 2021: RLJUBLJANA3: RLJUBLJANA3(config-if)# ip address 74.128.80.70 255.255.255.252
Fri May 21 09:38:27 2021: RLJUBLJANA3: RLJUBLJANA3(config-if)# no shutdown
Fri May 21 09:38:27 2021: RLJUBLJANA3: RLJUBLJANA3(config-if)# exit
Fri May 21 09:38:27 2021: RLJUBLJANA3: RLJUBLJANA3(config)# router rip
Fri May 21 09:38:27 2021: RLJUBLJANA3: RLJUBLJANA3(config-router)# version 2
Fri May 21 09:38:27 2021: RLJUBLJANA3: RLJUBLJANA3(config-router)# no auto-summary
Fri May 21 09:38:27 2021: RLJUBLJANA3: RLJUBLJANA3(config-router)# network 74.128.0.0
Fri May 21 09:38:27 2021: RLJUBLJANA3: RLJUBLJANA3(config-router)# network 74.128.80.68
Fri May 21 09:38:27 2021: RLJUBLJANA3: RLJUBLJANA3(config-router)# network 74.128.80.72
Fri May 21 09:38:27 2021: RLJUBLJANA3: RLJUBLJANA3(config-router)# network 74.128.80.76
Fri May 21 09:38:27 2021: RLJUBLJANA3: RLJUBLJANA3(config-router)# end
Fri May 21 09:38:27 2021: RLJUBLJANA3: RLJUBLJANA3# show ip route
Fri May 21 09:38:27 2021: RLJUBLJANA3: RLJUBLJANA3# conf t
Fri May 21 09:38:27 2021: RLJUBLJANA3: RLJUBLJANA3(config)# interface giga 0/1
Fri May 21 09:38:27 2021: RLJUBLJANA3: RLJUBLJANA3(config-if)# description Legatura cu WIFI-LJUBLJANA3
Fri May 21 09:38:27 2021: RLJUBLJANA3: RLJUBLJANA3(config-if)# ip address 74.128.80.73 255.255.255.252
Fri May 21 09:38:27 2021: RLJUBLJANA3: RLJUBLJANA3(config-if)# no shutdown
Fri May 21 09:38:27 2021: RLJUBLJANA3: RLJUBLJANA3(config-if)# exit
Fri May 21 09:38:27 2021: RLJUBLJANA4: Router> enable
Fri May 21 09:38:27 2021: RLJUBLJANA4: Router# configure terminal
Fri May 21 09:38:27 2021: RLJUBLJANA4: Router(config)# no ip domain-lookup
Fri May 21 09:38:27 2021: RLJUBLJANA4: Router(config)# hostname RLJUBLJANA4
Fri May 21 09:38:27 2021: RLJUBLJANA4: RLJUBLJANA4(config)# no cdp run
Fri May 21 09:38:27 2021: RLJUBLJANA4: RLJUBLJANA4(config)# interface range giga 0/1-2
Fri May 21 09:38:27 2021: RLJUBLJANA4: RLJUBLJANA4(config-if-range)# shutdown
Fri May 21 09:38:27 2021: RLJUBLJANA4: RLJUBLJANA4(config-if-range)# exit
Fri May 21 09:38:27 2021: RLJUBLJANA4: RLJUBLJANA4(config)# interface serial 0/0/0
Fri May 21 09:38:27 2021: RLJUBLJANA4: RLJUBLJANA4(config-if)# shutdown
Fri May 21 09:38:27 2021: RLJUBLJANA4: RLJUBLJANA4(config-if)# exit
Fri May 21 09:38:27 2021: RLJUBLJANA4: RLJUBLJANA4(config)# interface serial 0/0/1
Fri May 21 09:38:27 2021: RLJUBLJANA4: RLJUBLJANA4(config-if)# shutdown
Fri May 21 09:38:27 2021: RLJUBLJANA4: RLJUBLJANA4(config-if)# exit
Fri May 21 09:38:27 2021: RLJUBLJANA4: RLJUBLJANA4(config)# service password-encryption
Fri May 21 09:38:27 2021: RLJUBLJANA4: RLJUBLJANA4(config)# security passwords min-length 10
Fri May 21 09:38:27 2021: RLJUBLJANA4: RLJUBLJANA4(config)# login block-for 45 attempts 3 within 15
Fri May 21 09:38:27 2021: RLJUBLJANA4: RLJUBLJANA4(config)# enable password ciscoenapa55
Fri May 21 09:38:27 2021: RLJUBLJANA4: RLJUBLJANA4(config)# enable secret ciscosecpa55
Fri May 21 09:38:27 2021: RLJUBLJANA4: RLJUBLJANA4(config)# banner login # Accesul persoanelor neautorizate este scrict interzis !#
Fri May 21 09:38:27 2021: RLJUBLJANA4: RLJUBLJANA4(config)# banner motd # Joi serverul nu va functiona !#
Fri May 21 09:38:27 2021: RLJUBLJANA4: RLJUBLJANA4(config)# line console 0
Fri May 21 09:38:27 2021: RLJUBLJANA4: RLJUBLJANA4(config-line)# password ciscoconpa55
Fri May 21 09:38:27 2021: RLJUBLJANA4: RLJUBLJANA4(config-line)# login
Fri May 21 09:38:27 2021: RLJUBLJANA4: RLJUBLJANA4(config-line)# logging synchronous
Fri May 21 09:38:27 2021: RLJUBLJANA4: RLJUBLJANA4(config-line)# exec-timeout 30 25
Fri May 21 09:38:27 2021: RLJUBLJANA4: RLJUBLJANA4(config-line)# exit
Fri May 21 09:38:27 2021: RLJUBLJANA4: RLJUBLJANA4(config)# line vty 0 15
Fri May 21 09:38:27 2021: RLJUBLJANA4: RLJUBLJANA4(config-line)# password ciscovtypa55
Fri May 21 09:38:27 2021: RLJUBLJANA4: RLJUBLJANA4(config-line)# login
Fri May 21 09:38:27 2021: RLJUBLJANA4: RLJUBLJANA4(config-line)# logging synchronous
Fri May 21 09:38:27 2021: RLJUBLJANA4: RLJUBLJANA4(config-line)# exec-timeout 30 30
Fri May 21 09:38:27 2021: RLJUBLJANA4: RLJUBLJANA4(config-line)# end
Fri May 21 09:38:27 2021: RLJUBLJANA4: RLJUBLJANA4# copy running-config startup-config 
Fri May 21 09:38:27 2021: RLJUBLJANA4: RLJUBLJANA4# clock set 09:03:20 21 May 2021
Fri May 21 09:38:27 2021: RLJUBLJANA4: RLJUBLJANA4# show clock
Fri May 21 09:38:27 2021: RLJUBLJANA4: RLJUBLJANA4# configure terminal
Fri May 21 09:38:27 2021: RLJUBLJANA4: RLJUBLJANA4(config)# ip domain-name info.ro
Fri May 21 09:38:27 2021: RLJUBLJANA4: RLJUBLJANA4(config)# username Admin01 privilege 15 secret Admin01pa55
Fri May 21 09:38:27 2021: RLJUBLJANA4: RLJUBLJANA4(config)# line vty 0 15
Fri May 21 09:38:27 2021: RLJUBLJANA4: RLJUBLJANA4(config-line)# transport input ssh
Fri May 21 09:38:27 2021: RLJUBLJANA4: RLJUBLJANA4(config-line)# login local
Fri May 21 09:38:27 2021: RLJUBLJANA4: RLJUBLJANA4(config-line)# exit
Fri May 21 09:38:27 2021: RLJUBLJANA4: RLJUBLJANA4(config)# crypto key generate rsa
Fri May 21 09:38:27 2021: RLJUBLJANA4: RLJUBLJANA4(config)# logging host 74.128.80.62
Fri May 21 09:38:27 2021: RLJUBLJANA4: RLJUBLJANA4(config)# service timestamps log datetime msec
Fri May 21 09:38:27 2021: RLJUBLJANA4: RLJUBLJANA4(config)# service timestamps debug datetime msec
Fri May 21 09:38:27 2021: RLJUBLJANA4: RLJUBLJANA4(config)# end
Fri May 21 09:38:27 2021: RLJUBLJANA4: RLJUBLJANA4# copy running-config startup-config
Fri May 21 09:38:27 2021: RLJUBLJANA4: RLJUBLJANA4# conf t
Fri May 21 09:38:27 2021: RLJUBLJANA4: RLJUBLJANA4(config)# interface serial 0/0/0
Fri May 21 09:38:27 2021: RLJUBLJANA4: RLJUBLJANA4(config-if)# description Legatura cu routerul RLJUBLJANA3
Fri May 21 09:38:27 2021: RLJUBLJANA4: RLJUBLJANA4(config-if)# ip address 74.128.80.78 255.255.255.252
Fri May 21 09:38:27 2021: RLJUBLJANA4: RLJUBLJANA4(config-if)# no shutdown
Fri May 21 09:38:27 2021: RLJUBLJANA4: RLJUBLJANA4(config-if)# exit
Fri May 21 09:38:27 2021: RLJUBLJANA3: RLJUBLJANA3(config)# exit
Fri May 21 09:38:27 2021: RLJUBLJANA3: RLJUBLJANA3# ping 74.128.80.78
Fri May 21 09:38:27 2021: RLJUBLJANA3: RLJUBLJANA3# conf t
Fri May 21 09:38:27 2021: RLJUBLJANA3: RLJUBLJANA3(config)# interface serial 0/0/0
Fri May 21 09:38:27 2021: RLJUBLJANA3: RLJUBLJANA3(config-if)# description Legatura cu routerul RLJUBLJANA4
Fri May 21 09:38:27 2021: RLJUBLJANA3: RLJUBLJANA3(config-if)# ip address 74.128.80.77 255.255.255.252
Fri May 21 09:38:27 2021: RLJUBLJANA3: RLJUBLJANA3(config-if)# no shutdown
Fri May 21 09:38:27 2021: RLJUBLJANA3: RLJUBLJANA3(config-if)# exit
Fri May 21 09:38:27 2021: RLJUBLJANA3: RLJUBLJANA3(config)# exit
Fri May 21 09:38:27 2021: RLJUBLJANA3: RLJUBLJANA3# ping 74.128.80.78
Fri May 21 09:38:27 2021: RLJUBLJANA4: RLJUBLJANA4(config)# router rip
Fri May 21 09:38:27 2021: RLJUBLJANA4: RLJUBLJANA4(config-router)# version 2
Fri May 21 09:38:27 2021: RLJUBLJANA4: RLJUBLJANA4(config-router)# no auto-summary
Fri May 21 09:38:27 2021: RLJUBLJANA4: RLJUBLJANA4(config-router)# network 74.128.80.76
Fri May 21 09:38:27 2021: RLJUBLJANA4: RLJUBLJANA4(config-router)# end
Fri May 21 09:38:27 2021: RLJUBLJANA4: RLJUBLJANA4# show ip route
Fri May 21 09:38:27 2021: SwLJUBLJANA2: Switch> enable
Fri May 21 09:38:27 2021: SwLJUBLJANA2: Switch# configure terminal
Fri May 21 09:38:27 2021: SwLJUBLJANA2: Switch(config)# no ip domain-lookup
Fri May 21 09:38:27 2021: SwLJUBLJANA2: Switch(config)# hostname SwLJUBLJANA2
Fri May 21 09:38:27 2021: SwLJUBLJANA2: SwLJUBLJANA2(config)# ip default-gateway 74.128.80.1
Fri May 21 09:38:27 2021: SwLJUBLJANA2: SwLJUBLJANA2(config)# no cdp run
Fri May 21 09:38:27 2021: SwLJUBLJANA2: SwLJUBLJANA2(config)# service password-encryption
Fri May 21 09:38:27 2021: SwLJUBLJANA2: SwLJUBLJANA2(config)# interface range fa 0/1-24
Fri May 21 09:38:27 2021: SwLJUBLJANA2: SwLJUBLJANA2(config-if-range)# shutdown
Fri May 21 09:38:27 2021: SwLJUBLJANA2: SwLJUBLJANA2(config-if-range)# exit
Fri May 21 09:38:27 2021: SwLJUBLJANA2: SwLJUBLJANA2(config)# enable password ciscoenapa55
Fri May 21 09:38:27 2021: SwLJUBLJANA2: SwLJUBLJANA2(config)# enable secret ciscosecpa55
Fri May 21 09:38:27 2021: SwLJUBLJANA2: SwLJUBLJANA2(config)# banner motd # Marti la ora 10:00 sedinta IT !#
Fri May 21 09:38:27 2021: SwLJUBLJANA2: SwLJUBLJANA2(config)# line console 0
Fri May 21 09:38:27 2021: SwLJUBLJANA2: SwLJUBLJANA2(config-line)# password ciscoconpa55
Fri May 21 09:38:27 2021: SwLJUBLJANA2: SwLJUBLJANA2(config-line)# login
Fri May 21 09:38:27 2021: SwLJUBLJANA2: SwLJUBLJANA2(config-line)# logging synchronous
Fri May 21 09:38:27 2021: SwLJUBLJANA2: SwLJUBLJANA2(config-line)# exec-timeout 30 30
Fri May 21 09:38:27 2021: SwLJUBLJANA2: SwLJUBLJANA2(config-line)# exit
Fri May 21 09:38:27 2021: SwLJUBLJANA2: SwLJUBLJANA2(config)# line vty 0 15
Fri May 21 09:38:27 2021: SwLJUBLJANA2: SwLJUBLJANA2(config-line)# password ciscovtypa55
Fri May 21 09:38:27 2021: SwLJUBLJANA2: SwLJUBLJANA2(config-line)# login
Fri May 21 09:38:27 2021: SwLJUBLJANA2: SwLJUBLJANA2(config-line)# logging synchronous
Fri May 21 09:38:27 2021: SwLJUBLJANA2: SwLJUBLJANA2(config-line)# exec-timeout 30 25
Fri May 21 09:38:27 2021: SwLJUBLJANA2: SwLJUBLJANA2(config-line)# end
Fri May 21 09:38:27 2021: SwLJUBLJANA2: SwLJUBLJANA2# copy running-config startup-config
Fri May 21 09:38:27 2021: SwLJUBLJANA2: SwLJUBLJANA2# clock set 09:08:20 21 May 2021
Fri May 21 09:38:27 2021: SwLJUBLJANA2: SwLJUBLJANA2# show clock
Fri May 21 09:38:27 2021: SwLJUBLJANA2: SwLJUBLJANA2# configure terminal
Fri May 21 09:38:27 2021: SwLJUBLJANA2: SwLJUBLJANA2(config)# ip domain-name info.ro
Fri May 21 09:38:27 2021: SwLJUBLJANA2: SwLJUBLJANA2(config)# username Admin01 privilege 15 secret Admin01pa55
Fri May 21 09:38:27 2021: SwLJUBLJANA2: SwLJUBLJANA2(config)# line vty 0 15
Fri May 21 09:38:27 2021: SwLJUBLJANA2: SwLJUBLJANA2(config-line)# transport input ssh
Fri May 21 09:38:27 2021: SwLJUBLJANA2: SwLJUBLJANA2(config-line)# login local
Fri May 21 09:38:27 2021: SwLJUBLJANA2: SwLJUBLJANA2(config-line)# exit
Fri May 21 09:38:27 2021: SwLJUBLJANA2: SwLJUBLJANA2(config)# crypto key generate rsa
Fri May 21 09:38:27 2021: SwLJUBLJANA2: SwLJUBLJANA2(config)# logging host 74.128.80.62
Fri May 21 09:38:27 2021: SwLJUBLJANA2: SwLJUBLJANA2(config)# service timestamps log datetime msec
Fri May 21 09:38:27 2021: SwLJUBLJANA2: SwLJUBLJANA2(config)# service timestamps debug datetime msec
Fri May 21 09:38:27 2021: SwLJUBLJANA2: SwLJUBLJANA2(config)# interface vlan 1
Fri May 21 09:38:27 2021: SwLJUBLJANA2: SwLJUBLJANA2(config-if)# description Legatura cu ramura 74.128.80.0/26
Fri May 21 09:38:27 2021: SwLJUBLJANA2: SwLJUBLJANA2(config-if)# ip address 74.128.80.2 255.255.255.192
Fri May 21 09:38:27 2021: SwLJUBLJANA2: SwLJUBLJANA2(config-if)# no shutdown
Fri May 21 09:38:27 2021: SwLJUBLJANA2: SwLJUBLJANA2(config-if)# end
Fri May 21 09:38:27 2021: SwLJUBLJANA2: SwLJUBLJANA2# copy running-config startup-config
Fri May 21 09:38:27 2021: SwLJUBLJANA3: Switch> enable
Fri May 21 09:38:27 2021: SwLJUBLJANA3: Switch# configure terminal
Fri May 21 09:38:27 2021: SwLJUBLJANA3: Switch(config)# no ip domain-lookup
Fri May 21 09:38:27 2021: SwLJUBLJANA3: Switch(config)# hostname SwLJUBLJANA3
Fri May 21 09:38:27 2021: SwLJUBLJANA3: SwLJUBLJANA3(config)# ip default-gateway 74.128.0.1
Fri May 21 09:38:27 2021: SwLJUBLJANA3: SwLJUBLJANA3(config)# no cdp run
Fri May 21 09:38:27 2021: SwLJUBLJANA3: SwLJUBLJANA3(config)# service password-encryption
Fri May 21 09:38:27 2021: SwLJUBLJANA3: SwLJUBLJANA3(config)# interface range fa 0/1-24
Fri May 21 09:38:27 2021: SwLJUBLJANA3: SwLJUBLJANA3(config-if-range)# shutdown
Fri May 21 09:38:27 2021: SwLJUBLJANA3: SwLJUBLJANA3(config-if-range)# exit
Fri May 21 09:38:27 2021: SwLJUBLJANA3: SwLJUBLJANA3(config)# enable password ciscoenapa55
Fri May 21 09:38:27 2021: SwLJUBLJANA3: SwLJUBLJANA3(config)# enable secret ciscosecpa55
Fri May 21 09:38:27 2021: SwLJUBLJANA3: SwLJUBLJANA3(config)# banner motd # Luni la ora 10:00 sedinta IT !#
Fri May 21 09:38:27 2021: SwLJUBLJANA3: SwLJUBLJANA3(config)# banner motd # Miercuri la ora 10:00 sedinta IT !#
Fri May 21 09:38:27 2021: SwLJUBLJANA3: SwLJUBLJANA3(config)# line console 0
Fri May 21 09:38:27 2021: SwLJUBLJANA3: SwLJUBLJANA3(config-line)# password ciscoconpa55
Fri May 21 09:38:27 2021: SwLJUBLJANA3: SwLJUBLJANA3(config-line)# login
Fri May 21 09:38:27 2021: SwLJUBLJANA3: SwLJUBLJANA3(config-line)# logging synchronous
Fri May 21 09:38:27 2021: SwLJUBLJANA3: SwLJUBLJANA3(config-line)# exec-timeout 30 30
Fri May 21 09:38:27 2021: SwLJUBLJANA3: SwLJUBLJANA3(config-line)# exit
Fri May 21 09:38:27 2021: SwLJUBLJANA3: SwLJUBLJANA3(config)# line vty 0 15
Fri May 21 09:38:27 2021: SwLJUBLJANA3: SwLJUBLJANA3(config-line)# password ciscovtypa55
Fri May 21 09:38:27 2021: SwLJUBLJANA3: SwLJUBLJANA3(config-line)# login
Fri May 21 09:38:27 2021: SwLJUBLJANA3: SwLJUBLJANA3(config-line)# logging synchronous
Fri May 21 09:38:27 2021: SwLJUBLJANA3: SwLJUBLJANA3(config-line)# exec-timeout 30 25
Fri May 21 09:38:27 2021: SwLJUBLJANA3: SwLJUBLJANA3(config-line)# end
Fri May 21 09:38:27 2021: SwLJUBLJANA3: SwLJUBLJANA3# copy running-config startup-config
Fri May 21 09:38:27 2021: SwLJUBLJANA3: SwLJUBLJANA3# clock set 09:11:20 21 May 2021
Fri May 21 09:38:27 2021: SwLJUBLJANA3: SwLJUBLJANA3# show clock
Fri May 21 09:38:27 2021: SwLJUBLJANA3: SwLJUBLJANA3# configure terminal
Fri May 21 09:38:27 2021: SwLJUBLJANA3: SwLJUBLJANA3(config)# ip domain-name info.ro
Fri May 21 09:38:27 2021: SwLJUBLJANA3: SwLJUBLJANA3(config)# username Admin01 privilege 15 secret Admin01pa55
Fri May 21 09:38:27 2021: SwLJUBLJANA3: SwLJUBLJANA3(config)# line vty 0 15
Fri May 21 09:38:27 2021: SwLJUBLJANA3: SwLJUBLJANA3(config-line)# transport input ssh
Fri May 21 09:38:27 2021: SwLJUBLJANA3: SwLJUBLJANA3(config-line)# login local
Fri May 21 09:38:27 2021: SwLJUBLJANA3: SwLJUBLJANA3(config-line)# exit
Fri May 21 09:38:27 2021: SwLJUBLJANA3: SwLJUBLJANA3(config)# crypto key generate rsa
Fri May 21 09:38:27 2021: SwLJUBLJANA3: SwLJUBLJANA3(config)# logging host 74.128.80.62
Fri May 21 09:38:27 2021: SwLJUBLJANA3: SwLJUBLJANA3(config)# service timestamps log datetime msec
Fri May 21 09:38:27 2021: SwLJUBLJANA3: SwLJUBLJANA3(config)# service timestamps debug datetime msec
Fri May 21 09:38:27 2021: SwLJUBLJANA3: SwLJUBLJANA3(config)# interface vlan 1
Fri May 21 09:38:27 2021: SwLJUBLJANA3: SwLJUBLJANA3(config-if)# description Legatura cu ramura 74.128.0.0/18
Fri May 21 09:38:27 2021: SwLJUBLJANA3: SwLJUBLJANA3(config-if)# ip address 74.128.0.1 255.255.192.0
Fri May 21 09:38:27 2021: SwLJUBLJANA3: SwLJUBLJANA3(config-if)# ip address 74.128.0.2 255.255.192.0
Fri May 21 09:38:27 2021: SwLJUBLJANA3: SwLJUBLJANA3(config-if)# no shutdown
Fri May 21 09:38:27 2021: SwLJUBLJANA3: SwLJUBLJANA3(config-if)# end
Fri May 21 09:38:27 2021: SwLJUBLJANA3: SwLJUBLJANA3# copy running-config startup-config
Fri May 21 09:38:27 2021: RLJUBLJANA1: RLJUBLJANA1> enable
Fri May 21 09:38:27 2021: RLJUBLJANA1: RLJUBLJANA1# conf t
Fri May 21 09:38:27 2021: RLJUBLJANA1: RLJUBLJANA1(config)# logging 74.128.80.62
Fri May 21 09:38:27 2021: RLJUBLJANA1: RLJUBLJANA1(config)# do wr
Fri May 21 09:38:27 2021: RLJUBLJANA1: RLJUBLJANA1(config)# exit
Fri May 21 09:38:27 2021: RLJUBLJANA1: RLJUBLJANA1# debug ip icmp
Fri May 21 09:38:27 2021: RLJUBLJANA2: RLJUBLJANA2> enable
Fri May 21 09:38:27 2021: RLJUBLJANA2: RLJUBLJANA2# conf t
Fri May 21 09:38:27 2021: RLJUBLJANA2: RLJUBLJANA2(config)# logging 74.128.80.62
Fri May 21 09:38:27 2021: RLJUBLJANA2: RLJUBLJANA2(config)# do wr
Fri May 21 09:38:27 2021: RLJUBLJANA2: RLJUBLJANA2(config)# exit
Fri May 21 09:38:27 2021: RLJUBLJANA2: RLJUBLJANA2# debug ip icmp
Fri May 21 09:38:27 2021: RLJUBLJANA3: RLJUBLJANA3> enable
Fri May 21 09:38:27 2021: RLJUBLJANA3: RLJUBLJANA3# conf t
Fri May 21 09:38:27 2021: RLJUBLJANA3: RLJUBLJANA3(config)# logging 74.128.80.62
Fri May 21 09:38:27 2021: RLJUBLJANA3: RLJUBLJANA3(config)# do wr
Fri May 21 09:38:27 2021: RLJUBLJANA3: RLJUBLJANA3(config)# exit
Fri May 21 09:38:27 2021: RLJUBLJANA3: RLJUBLJANA3# debug ip icmp
Fri May 21 09:38:27 2021: RLJUBLJANA4: RLJUBLJANA4> enable
Fri May 21 09:38:27 2021: RLJUBLJANA4: RLJUBLJANA4# conf t
Fri May 21 09:38:27 2021: RLJUBLJANA4: RLJUBLJANA4(config)# logging 74.128.80.62
Fri May 21 09:38:27 2021: RLJUBLJANA4: RLJUBLJANA4(config)# do wr
Fri May 21 09:38:27 2021: RLJUBLJANA4: RLJUBLJANA4(config)# exit
Fri May 21 09:38:27 2021: RLJUBLJANA4: RLJUBLJANA4# debug ip icmp
Fri May 21 09:38:27 2021: Script Module stopping: File
Fri May 21 09:38:27 2021: Script Module starting: File
Fri May 21 09:38:27 2021: File opened successfully.
Fri May 21 09:38:28 2021: CPtmpServer started at port 39000
Fri May 21 09:38:28 2021: Script Module starting: net.netacad.cisco.ActivitySequenceEditor
Fri May 21 09:38:28 2021: Script Module starting: net.netacad.cisco.ActivitySequencer
Fri May 21 09:38:28 2021: Script Module starting: net.netacad.cisco.clearTerminalAgent
Fri May 21 09:38:28 2021: Script Module starting: net.netacad.cisco.Marvel
Fri May 21 09:38:28 2021: Script Module starting: net.netacad.cisco.PcSoftware
Fri May 21 09:38:28 2021: Script Module starting: net.netacad.cisco.PTINTERNAL
Fri May 21 09:38:28 2021: Script Module starting: net.netacad.cisco.resource
Fri May 21 09:38:28 2021: c:\users\cisco\jenkins\workspace\m_sgme_pt80_win64_cae\engine\ipc\ccep.cpp(349):WARN  - Forced an exapp to be MANDATORY at run-time.
Fri May 21 09:38:43 2021: c:\users\cisco\jenkins\workspace\m_sgme_pt80_win64_cae\gui\deviceconfig\workstation\workstationwebview.cpp(50):INFO  - CWwvUrlInterceptor() - called
Fri May 21 09:38:44 2021: Link created: LLJUBLJANA3 Wireless0 to WIFI-LJUBLJANA3 Wireless, 8109
Fri May 21 09:38:55 2021: c:\users\cisco\jenkins\workspace\m_sgme_pt80_win64_cae\gui\deviceconfig\workstation\workstationwebview.cpp(50):INFO  - CWwvUrlInterceptor() - called
Fri May 21 09:39:14 2021: c:\users\cisco\jenkins\workspace\m_sgme_pt80_win64_cae\gui\deviceconfig\workstation\workstationwebview.cpp(50):INFO  - CWwvUrlInterceptor() - called
Fri May 21 09:39:41 2021: c:\users\cisco\jenkins\workspace\m_sgme_pt80_win64_cae\gui\deviceconfig\workstation\workstationwebview.cpp(50):INFO  - CWwvUrlInterceptor() - called
Fri May 21 09:40:04 2021: c:\users\cisco\jenkins\workspace\m_sgme_pt80_win64_cae\gui\deviceconfig\workstation\workstationwebview.cpp(50):INFO  - CWwvUrlInterceptor() - called
