IDA* 

Solutie: 
1)
##..##
#**.d#
#*.ee#
#c.ef#
#...f#
#g..h#
######

2)
Mutam * in dreapta.
##..##
#.**d#
#.*ee#
#c.ef#
#...f#
#g..h#
######

3)
Mutam * in sus.
##**##
#.*.d#
#..ee#
#c.ef#
#...f#
#g..h#
######

4)
Mutam * in sus.
##*.##
#...d#
#..ee#
#c.ef#
#...f#
#g..h#
######

5)
Mutam * in sus.
##..##
#...d#
#..ee#
#c.ef#
#...f#
#g..h#
######

Cost:  4
Lungime:  5
Solutie gasita in 6 milisecunde

----------------

A* 

Solutie: 
1)
##..##
#**.d#
#*.ee#
#c.ef#
#...f#
#g..h#
######

2)
Mutam * in dreapta.
##..##
#.**d#
#.*ee#
#c.ef#
#...f#
#g..h#
######

3)
Mutam * in sus.
##**##
#.*.d#
#..ee#
#c.ef#
#...f#
#g..h#
######

4)
Mutam * in sus.
##*.##
#...d#
#..ee#
#c.ef#
#...f#
#g..h#
######

5)
Mutam * in sus.
##..##
#...d#
#..ee#
#c.ef#
#...f#
#g..h#
######

Cost:  4
Lungime:  5
Solutie gasita in 22 milisecunde
Nr. maxim de noduri existente la un moment dat in memorie: 72
Nr. total de noduri calculate: 82

----------------

A* optimizat 

Solutie: 
1)
##..##
#**.d#
#*.ee#
#c.ef#
#...f#
#g..h#
######

2)
Mutam * in dreapta.
##..##
#.**d#
#.*ee#
#c.ef#
#...f#
#g..h#
######

3)
Mutam * in sus.
##**##
#.*.d#
#..ee#
#c.ef#
#...f#
#g..h#
######

4)
Mutam * in sus.
##*.##
#...d#
#..ee#
#c.ef#
#...f#
#g..h#
######

5)
Mutam * in sus.
##..##
#...d#
#..ee#
#c.ef#
#...f#
#g..h#
######

Cost:  4
Lungime:  5
Solutie gasita in 10 milisecunde
Nr. maxim de noduri existente la un moment dat in memorie: 60
Nr. total de noduri calculate: 82

----------------

UCS 

Solutie: 
1)
##..##
#**.d#
#*.ee#
#c.ef#
#...f#
#g..h#
######

2)
Mutam * in dreapta.
##..##
#.**d#
#.*ee#
#c.ef#
#...f#
#g..h#
######

3)
Mutam * in sus.
##**##
#.*.d#
#..ee#
#c.ef#
#...f#
#g..h#
######

4)
Mutam * in sus.
##*.##
#...d#
#..ee#
#c.ef#
#...f#
#g..h#
######

5)
Mutam * in sus.
##..##
#...d#
#..ee#
#c.ef#
#...f#
#g..h#
######

Cost:  4
Lungime:  5
Solutie gasita in 1812 milisecunde
Nr. maxim de noduri existente la un moment dat in memorie: 3200
Nr. total de noduri calculate: 3629

----------------

